  
  C:\Users\educ\documents\visual studio 2015\Projects\ImagingV4\ImagingV4>"C:\Program Files\NVIDIA GPU Computing Toolkit\CUDA\v8.0\bin\nvcc.exe" -ccbin "C:\Program Files (x86)\Microsoft Visual Studio 14.0\VC\bin\x86_amd64"  -I"C:\Program Files\NVIDIA GPU Computing Toolkit\CUDA\v8.0\include" -I"C:\Program Files\NVIDIA GPU Computing Toolkit\CUDA\v8.0\include"     --keep-dir x64\Release -maxrregcount=0  --machine 64 --compile      -DWIN32 -DWIN64 -DNDEBUG -D_CONSOLE -D_MBCS -Xcompiler "/EHsc /W3 /nologo /O2 /FS /Zi  /MD " -o x64\Release\kernel.cu.obj "C:\Users\educ\documents\visual studio 2015\Projects\ImagingV4\ImagingV4\kernel.cu" -clean 
CUDACOMPILE : nvcc warning : The 'compute_20', 'sm_20', and 'sm_21' architectures are deprecated, and may be removed in a future release (Use -Wno-deprecated-gpu-targets to suppress warning).
  kernel.cu
  Compiling CUDA source file kernel.cu...
  
  C:\Users\educ\documents\visual studio 2015\Projects\ImagingV4\ImagingV4>"C:\Program Files\NVIDIA GPU Computing Toolkit\CUDA\v8.0\bin\nvcc.exe" -gencode=arch=compute_20,code=\"sm_20,compute_20\" --use-local-env --cl-version 2015 -ccbin "C:\Program Files (x86)\Microsoft Visual Studio 14.0\VC\bin\x86_amd64"  -I"C:\Program Files\NVIDIA GPU Computing Toolkit\CUDA\v8.0\include" -I"C:\Program Files\NVIDIA GPU Computing Toolkit\CUDA\v8.0\include"     --keep-dir x64\Release -maxrregcount=0  --machine 64 --compile -cudart static     -DWIN32 -DWIN64 -DNDEBUG -D_CONSOLE -D_MBCS -Xcompiler "/EHsc /W3 /nologo /O2 /FS /Zi  /MD " -o x64\Release\kernel.cu.obj "C:\Users\educ\documents\visual studio 2015\Projects\ImagingV4\ImagingV4\kernel.cu" 
U:\opencv\build\include\opencv2/core/base.hpp(365): warning : function declared with "noreturn" does return
C:/Users/educ/documents/visual studio 2015/Projects/ImagingV4/ImagingV4/kernel.cu(189): warning : variable "k" is used before its value is set
C:/Users/educ/documents/visual studio 2015/Projects/ImagingV4/ImagingV4/kernel.cu(189): warning : variable "temp" is used before its value is set
C:/Users/educ/documents/visual studio 2015/Projects/ImagingV4/ImagingV4/kernel.cu(184): warning : variable "blocksNeeded" was declared but never referenced
U:\opencv\build\include\opencv2/core/base.hpp(365): warning : function declared with "noreturn" does return
C:/Users/educ/documents/visual studio 2015/Projects/ImagingV4/ImagingV4/kernel.cu(189): warning : variable "k" is used before its value is set
C:/Users/educ/documents/visual studio 2015/Projects/ImagingV4/ImagingV4/kernel.cu(189): warning : variable "temp" is used before its value is set
C:/Users/educ/documents/visual studio 2015/Projects/ImagingV4/ImagingV4/kernel.cu(184): warning : variable "blocksNeeded" was declared but never referenced
CUDACOMPILE : nvcc warning : The 'compute_20', 'sm_20', and 'sm_21' architectures are deprecated, and may be removed in a future release (Use -Wno-deprecated-gpu-targets to suppress warning).
  kernel.cu
C:/Users/educ/documents/visual studio 2015/Projects/ImagingV4/ImagingV4/kernel.cu(226): warning C4244: '=': conversion from 'float' to 'uByte', possible loss of data
c:\users\educ\documents\visual studio 2015\projects\imagingv4\imagingv4\kernel.cu(189): warning C4700: uninitialized local variable 'temp' used
c:\users\educ\documents\visual studio 2015\projects\imagingv4\imagingv4\kernel.cu(189): warning C4700: uninitialized local variable 'k' used
  HPT.cpp
  Generating code
  All 2 functions were compiled because no usable IPDB/IOBJ from previous compilation was found.
  Finished generating code
  ImagingV4.vcxproj -> C:\Users\educ\documents\visual studio 2015\Projects\ImagingV4\x64\Release\ImagingV4.exe
  ImagingV4.vcxproj -> C:\Users\educ\documents\visual studio 2015\Projects\ImagingV4\x64\Release\ImagingV4.pdb (Full PDB)
  copy "C:\Program Files\NVIDIA GPU Computing Toolkit\CUDA\v8.0\bin\cudart*.dll" "C:\Users\educ\documents\visual studio 2015\Projects\ImagingV4\x64\Release\"
  C:\Program Files\NVIDIA GPU Computing Toolkit\CUDA\v8.0\bin\cudart32_80.dll
  C:\Program Files\NVIDIA GPU Computing Toolkit\CUDA\v8.0\bin\cudart64_80.dll
          2 file(s) copied.
